This is XeTeX, Version 3.14159265-2.6-0.999992 (MiKTeX 20.7) (preloaded format=xelatex 2021.2.21)  22 FEB 2021 13:52
entering extended mode
**./ventillators_supplementary_final.tex
(ventillators_supplementary_final.tex
LaTeX2e <2020-02-02> patch level 5
L3 programming layer <2020-09-03> (D:\MiKTeX\tex/latex/base\article.cls
Document Class: article 2019/12/20 v1.4l Standard LaTeX document class
(D:\MiKTeX\tex/latex/base\size10.clo
File: size10.clo 2019/12/20 v1.4l Standard LaTeX file (size option)
)
\c@part=\count164
\c@section=\count165
\c@subsection=\count166
\c@subsubsection=\count167
\c@paragraph=\count168
\c@subparagraph=\count169
\c@figure=\count170
\c@table=\count171
\abovecaptionskip=\skip47
\belowcaptionskip=\skip48
\bibindent=\dimen134
) (D:\MiKTeX\tex/latex/lm\lmodern.sty
Package: lmodern 2009/10/30 v1.6 Latin Modern Fonts
LaTeX Font Info:    Overwriting symbol font `operators' in version `normal'
(Font)                  OT1/cmr/m/n --> OT1/lmr/m/n on input line 22.
LaTeX Font Info:    Overwriting symbol font `letters' in version `normal'
(Font)                  OML/cmm/m/it --> OML/lmm/m/it on input line 23.
LaTeX Font Info:    Overwriting symbol font `symbols' in version `normal'
(Font)                  OMS/cmsy/m/n --> OMS/lmsy/m/n on input line 24.
LaTeX Font Info:    Overwriting symbol font `largesymbols' in version `normal'
(Font)                  OMX/cmex/m/n --> OMX/lmex/m/n on input line 25.
LaTeX Font Info:    Overwriting symbol font `operators' in version `bold'
(Font)                  OT1/cmr/bx/n --> OT1/lmr/bx/n on input line 26.
LaTeX Font Info:    Overwriting symbol font `letters' in version `bold'
(Font)                  OML/cmm/b/it --> OML/lmm/b/it on input line 27.
LaTeX Font Info:    Overwriting symbol font `symbols' in version `bold'
(Font)                  OMS/cmsy/b/n --> OMS/lmsy/b/n on input line 28.
LaTeX Font Info:    Overwriting symbol font `largesymbols' in version `bold'
(Font)                  OMX/cmex/m/n --> OMX/lmex/m/n on input line 29.
LaTeX Font Info:    Overwriting math alphabet `\mathbf' in version `normal'
(Font)                  OT1/cmr/bx/n --> OT1/lmr/bx/n on input line 31.
LaTeX Font Info:    Overwriting math alphabet `\mathsf' in version `normal'
(Font)                  OT1/cmss/m/n --> OT1/lmss/m/n on input line 32.
LaTeX Font Info:    Overwriting math alphabet `\mathit' in version `normal'
(Font)                  OT1/cmr/m/it --> OT1/lmr/m/it on input line 33.
LaTeX Font Info:    Overwriting math alphabet `\mathtt' in version `normal'
(Font)                  OT1/cmtt/m/n --> OT1/lmtt/m/n on input line 34.
LaTeX Font Info:    Overwriting math alphabet `\mathbf' in version `bold'
(Font)                  OT1/cmr/bx/n --> OT1/lmr/bx/n on input line 35.
LaTeX Font Info:    Overwriting math alphabet `\mathsf' in version `bold'
(Font)                  OT1/cmss/bx/n --> OT1/lmss/bx/n on input line 36.
LaTeX Font Info:    Overwriting math alphabet `\mathit' in version `bold'
(Font)                  OT1/cmr/bx/it --> OT1/lmr/bx/it on input line 37.
LaTeX Font Info:    Overwriting math alphabet `\mathtt' in version `bold'
(Font)                  OT1/cmtt/m/n --> OT1/lmtt/m/n on input line 38.
) (D:\MiKTeX\tex/latex/amsfonts\amssymb.sty
Package: amssymb 2013/01/14 v3.01 AMS font symbols
(D:\MiKTeX\tex/latex/amsfonts\amsfonts.sty
Package: amsfonts 2013/01/14 v3.01 Basic AMSFonts support
\@emptytoks=\toks15
\symAMSa=\mathgroup4
\symAMSb=\mathgroup5
LaTeX Font Info:    Redeclaring math symbol \hbar on input line 98.
LaTeX Font Info:    Overwriting math alphabet `\mathfrak' in version `bold'
(Font)                  U/euf/m/n --> U/euf/b/n on input line 106.
)) (D:\MiKTeX\tex/latex/amsmath\amsmath.sty
Package: amsmath 2020/01/20 v2.17e AMS math features
\@mathmargin=\skip49
For additional information on amsmath, use the `?' option.
(D:\MiKTeX\tex/latex/amsmath\amstext.sty
Package: amstext 2000/06/29 v2.01 AMS text
(D:\MiKTeX\tex/latex/amsmath\amsgen.sty
File: amsgen.sty 1999/11/30 v2.0 generic functions
\@emptytoks=\toks16
\ex@=\dimen135
)) (D:\MiKTeX\tex/latex/amsmath\amsbsy.sty
Package: amsbsy 1999/11/29 v1.2d Bold Symbols
\pmbraise@=\dimen136
) (D:\MiKTeX\tex/latex/amsmath\amsopn.sty
Package: amsopn 2016/03/08 v2.02 operator names
)
\inf@bad=\count172
LaTeX Info: Redefining \frac on input line 227.
\uproot@=\count173
\leftroot@=\count174
LaTeX Info: Redefining \overline on input line 389.
\classnum@=\count175
\DOTSCASE@=\count176
LaTeX Info: Redefining \ldots on input line 486.
LaTeX Info: Redefining \dots on input line 489.
LaTeX Info: Redefining \cdots on input line 610.
\Mathstrutbox@=\box45
\strutbox@=\box46
\big@size=\dimen137
LaTeX Font Info:    Redeclaring font encoding OML on input line 733.
LaTeX Font Info:    Redeclaring font encoding OMS on input line 734.
\macc@depth=\count177
\c@MaxMatrixCols=\count178
\dotsspace@=\muskip16
\c@parentequation=\count179
\dspbrk@lvl=\count180
\tag@help=\toks17
\row@=\count181
\column@=\count182
\maxfields@=\count183
\andhelp@=\toks18
\eqnshift@=\dimen138
\alignsep@=\dimen139
\tagshift@=\dimen140
\tagwidth@=\dimen141
\totwidth@=\dimen142
\lineht@=\dimen143
\@envbody=\toks19
\multlinegap=\skip50
\multlinetaggap=\skip51
\mathdisplay@stack=\toks20
LaTeX Info: Redefining \[ on input line 2859.
LaTeX Info: Redefining \] on input line 2860.
) (D:\MiKTeX\tex/generic/iftex\ifxetex.sty
Package: ifxetex 2019/10/25 v0.7 ifxetex legacy package. Use iftex instead.
(D:\MiKTeX\tex/generic/iftex\iftex.sty
Package: iftex 2020/03/06 v1.0d TeX engine tests
)) (D:\MiKTeX\tex/generic/iftex\ifluatex.sty
Package: ifluatex 2019/10/25 v1.5 ifluatex legacy package. Use iftex instead.
) (D:\MiKTeX\tex/latex/base\fixltx2e.sty
Package: fixltx2e 2016/12/29 v2.1a fixes to LaTeX (obsolete)
Applying: [2015/01/01] Old fixltx2e package on input line 46.

Package fixltx2e Warning: fixltx2e is not required with releases after 2015
(fixltx2e)                All fixes are now in the LaTeX kernel.
(fixltx2e)                See the latexrelease package for details.

Already applied: [0000/00/00] Old fixltx2e package on input line 53.
) (D:\MiKTeX\tex/xelatex/mathspec\mathspec.sty
Package: mathspec 2016/12/22 v0.2b LaTeX Package (Mathematics font selection fo
r XeLaTeX)
(D:\MiKTeX\tex/latex/etoolbox\etoolbox.sty
Package: etoolbox 2020/08/24 v2.5j e-TeX tools for LaTeX (JAW)
\etb@tempcnta=\count184
) (D:\MiKTeX\tex/latex/fontspec\fontspec.sty (D:\MiKTeX\tex/latex/l3packages/xp
arse\xparse.sty (D:\MiKTeX\tex/latex/l3kernel\expl3.sty
Package: expl3 2020-09-03 L3 programming layer (loader) 
(D:\MiKTeX\tex/latex/l3backend\l3backend-xetex.def
File: l3backend-xetex.def 2020-09-01 L3 backend support: XeTeX
\g__graphics_track_int=\count185
\l__pdf_internal_box=\box47
\g__pdf_backend_object_int=\count186
\g__pdf_backend_annotation_int=\count187
))
Package: xparse 2020-05-15 L3 Experimental document command parser
(D:\MiKTeX\tex/latex/l3packages/xparse\xparse-generic.tex
\l__xparse_current_arg_int=\count188
\g__xparse_grabber_int=\count189
\l__xparse_m_args_int=\count190
\l__xparse_v_nesting_int=\count191
))
Package: fontspec 2020/02/21 v2.7i Font selection for XeLaTeX and LuaLaTeX
(D:\MiKTeX\tex/latex/fontspec\fontspec-xetex.sty
Package: fontspec-xetex 2020/02/21 v2.7i Font selection for XeLaTeX and LuaLaTe
X
\l__fontspec_script_int=\count192
\l__fontspec_language_int=\count193
\l__fontspec_strnum_int=\count194
\l__fontspec_tmp_int=\count195
\l__fontspec_tmpa_int=\count196
\l__fontspec_tmpb_int=\count197
\l__fontspec_tmpc_int=\count198
\l__fontspec_em_int=\count199
\l__fontspec_emdef_int=\count266
\l__fontspec_strong_int=\count267
\l__fontspec_strongdef_int=\count268
\l__fontspec_tmpa_dim=\dimen144
\l__fontspec_tmpb_dim=\dimen145
\l__fontspec_tmpc_dim=\dimen146
(D:\MiKTeX\tex/latex/base\fontenc.sty
Package: fontenc 2020/02/11 v2.0o Standard LaTeX package
) (D:\MiKTeX\tex/latex/fontspec\fontspec.cfg))) (D:\MiKTeX\tex/latex/xkeyval\xk
eyval.sty
Package: xkeyval 2014/12/03 v2.7a package option processing (HA)
(D:\MiKTeX\tex/generic/xkeyval\xkeyval.tex (D:\MiKTeX\tex/generic/xkeyval\xkvut
ils.tex
\XKV@toks=\toks21
\XKV@tempa@toks=\toks22
(D:\MiKTeX\tex/generic/xkeyval\keyval.tex))
\XKV@depth=\count269
File: xkeyval.tex 2014/12/03 v2.7a key=value parser (HA)
))
\c@eu@=\count270
\c@eu@i=\count271
\c@mkern=\count272
)

Package fontspec Info: Times New Roman scale = 0.963629354430423.


Package fontspec Info: Times New Roman scale = 0.963629354430423.


Package fontspec Info: Times New Roman scale = 0.963629354430423.


Package fontspec Info: Times New Roman/B scale = 0.944047646899576.


Package fontspec Info: Times New Roman/B scale = 0.944047646899576.


Package fontspec Info: Times New Roman/I scale = 1.001911883116192.


Package fontspec Info: Times New Roman/I scale = 1.001911883116192.


Package fontspec Info: Times New Roman/BI scale = 0.9818514257111176.


Package fontspec Info: Times New Roman/BI scale = 0.9818514257111176.


Package fontspec Info: Font family 'TimesNewRoman(0)' created for font 'Times
(fontspec)             New Roman' with options
(fontspec)             [Ligatures=TeX,Scale=MatchLowercase,Ligatures=TeX].
(fontspec)              
(fontspec)              This font family consists of the following NFSS
(fontspec)             series/shapes:
(fontspec)              
(fontspec)             - 'normal' (m/n) with NFSS spec.:
(fontspec)             <->s*[0.963629354430423]"Times New
(fontspec)             Roman/OT:script=latn;language=dflt;mapping=tex-text;"
(fontspec)             - 'small caps'  (m/sc) with NFSS spec.:
(fontspec)             <->s*[0.963629354430423]"Times New
(fontspec)             Roman/OT:script=latn;language=dflt;+smcp;mapping=tex-tex
t;"
(fontspec)             - 'bold' (b/n) with NFSS spec.:
(fontspec)             <->s*[0.944047646899576]"Times New
(fontspec)             Roman/B/OT:script=latn;language=dflt;mapping=tex-text;"
(fontspec)             - 'bold small caps'  (b/sc) with NFSS spec.:
(fontspec)             <->s*[0.944047646899576]"Times New
(fontspec)             Roman/B/OT:script=latn;language=dflt;+smcp;mapping=tex-t
ext;"
(fontspec)             - 'italic' (m/it) with NFSS spec.:
(fontspec)             <->s*[1.001911883116192]"Times New
(fontspec)             Roman/I/OT:script=latn;language=dflt;mapping=tex-text;"
(fontspec)             - 'italic small caps'  (m/scit) with NFSS spec.:
(fontspec)             <->s*[1.001911883116192]"Times New
(fontspec)             Roman/I/OT:script=latn;language=dflt;+smcp;mapping=tex-t
ext;"
(fontspec)             - 'bold italic' (b/it) with NFSS spec.:
(fontspec)             <->s*[0.9818514257111176]"Times New
(fontspec)             Roman/BI/OT:script=latn;language=dflt;mapping=tex-text;"

(fontspec)             - 'bold italic small caps'  (b/scit) with NFSS spec.:
(fontspec)             <->s*[0.9818514257111176]"Times New
(fontspec)             Roman/BI/OT:script=latn;language=dflt;+smcp;mapping=tex-
text;"

LaTeX Font Info:    Font shape `TU/TimesNewRoman(0)/m/n' will be
(Font)              scaled to size 9.63623pt on input line 17.
(D:\MiKTeX\tex/latex/upquote\upquote.sty
Package: upquote 2012/04/19 v1.3 upright-quote and grave-accent glyphs in verba
tim
(D:\MiKTeX\tex/latex/base\textcomp.sty
Package: textcomp 2020/02/02 v2.0n Standard LaTeX package
)) (D:\MiKTeX\tex/latex/microtype\microtype.sty
Package: microtype 2019/11/18 v2.7d Micro-typographical refinements (RS)
\MT@toks=\toks23
\MT@count=\count273
LaTeX Info: Redefining \textls on input line 790.
\MT@outer@kern=\dimen147
LaTeX Info: Redefining \textmicrotypecontext on input line 1354.
\MT@listname@count=\count274
(D:\MiKTeX\tex/latex/microtype\microtype-xetex.def
File: microtype-xetex.def 2019/11/18 v2.7d Definitions specific to xetex (RS)
LaTeX Info: Redefining \lsstyle on input line 258.
)
Package microtype Info: Loading configuration file microtype.cfg.
(D:\MiKTeX\tex/latex/microtype\microtype.cfg
File: microtype.cfg 2019/11/18 v2.7d microtype main configuration file (RS)
)) (D:\MiKTeX\tex/latex/hyperref\hyperref.sty
Package: hyperref 2020-05-15 v7.00e Hypertext links for LaTeX
(D:\MiKTeX\tex/generic/ltxcmds\ltxcmds.sty
Package: ltxcmds 2019/12/15 v1.24 LaTeX kernel commands for general use (HO)
) (D:\MiKTeX\tex/generic/pdftexcmds\pdftexcmds.sty
Package: pdftexcmds 2020-06-27 v0.33 Utility functions of pdfTeX for LuaTeX (HO
)
(D:\MiKTeX\tex/generic/infwarerr\infwarerr.sty
Package: infwarerr 2019/12/03 v1.5 Providing info/warning/error messages (HO)
)
Package pdftexcmds Info: \pdf@primitive is available.
Package pdftexcmds Info: \pdf@ifprimitive is available.
Package pdftexcmds Info: \pdfdraftmode not found.
) (D:\MiKTeX\tex/generic/kvsetkeys\kvsetkeys.sty
Package: kvsetkeys 2019/12/15 v1.18 Key value parser (HO)
) (D:\MiKTeX\tex/generic/kvdefinekeys\kvdefinekeys.sty
Package: kvdefinekeys 2019-12-19 v1.6 Define keys (HO)
) (D:\MiKTeX\tex/generic/pdfescape\pdfescape.sty
Package: pdfescape 2019/12/09 v1.15 Implements pdfTeX's escape features (HO)
) (D:\MiKTeX\tex/latex/hycolor\hycolor.sty
Package: hycolor 2020-01-27 v1.10 Color options for hyperref/bookmark (HO)
) (D:\MiKTeX\tex/latex/letltxmacro\letltxmacro.sty
Package: letltxmacro 2019/12/03 v1.6 Let assignment for LaTeX macros (HO)
) (D:\MiKTeX\tex/latex/auxhook\auxhook.sty
Package: auxhook 2019-12-17 v1.6 Hooks for auxiliary files (HO)
) (D:\MiKTeX\tex/latex/kvoptions\kvoptions.sty
Package: kvoptions 2019/11/29 v3.13 Key value format for package options (HO)
)
\@linkdim=\dimen148
\Hy@linkcounter=\count275
\Hy@pagecounter=\count276
(D:\MiKTeX\tex/latex/hyperref\pd1enc.def
File: pd1enc.def 2020-05-15 v7.00e Hyperref: PDFDocEncoding definition (HO)
) (D:\MiKTeX\tex/generic/intcalc\intcalc.sty
Package: intcalc 2019/12/15 v1.3 Expandable calculations with integers (HO)
) (D:\MiKTeX\tex/generic/etexcmds\etexcmds.sty
Package: etexcmds 2019/12/15 v1.7 Avoid name clashes with e-TeX commands (HO)
)
\Hy@SavedSpaceFactor=\count277
Package hyperref Info: Option `unicode' set `true' on input line 4338.
(D:\MiKTeX\tex/latex/hyperref\puenc.def
File: puenc.def 2020-05-15 v7.00e Hyperref: PDF Unicode definition (HO)
)
Package hyperref Info: Hyper figures OFF on input line 4464.
Package hyperref Info: Link nesting OFF on input line 4469.
Package hyperref Info: Hyper index ON on input line 4472.
Package hyperref Info: Plain pages OFF on input line 4479.
Package hyperref Info: Backreferencing OFF on input line 4484.
Package hyperref Info: Implicit mode ON; LaTeX internals redefined.
Package hyperref Info: Bookmarks ON on input line 4717.
\c@Hy@tempcnt=\count278
(D:\MiKTeX\tex/latex/url\url.sty
\Urlmuskip=\muskip17
Package: url 2013/09/16  ver 3.4  Verb mode for urls, etc.
)
LaTeX Info: Redefining \url on input line 5076.
\XeTeXLinkMargin=\dimen149
(D:\MiKTeX\tex/generic/bitset\bitset.sty
Package: bitset 2019/12/09 v1.3 Handle bit-vector datatype (HO)
(D:\MiKTeX\tex/generic/bigintcalc\bigintcalc.sty
Package: bigintcalc 2019/12/15 v1.5 Expandable calculations on big integers (HO
)
))
\Fld@menulength=\count279
\Field@Width=\dimen150
\Fld@charsize=\dimen151
Package hyperref Info: Hyper figures OFF on input line 6347.
Package hyperref Info: Link nesting OFF on input line 6352.
Package hyperref Info: Hyper index ON on input line 6355.
Package hyperref Info: backreferencing OFF on input line 6362.
Package hyperref Info: Link coloring OFF on input line 6367.
Package hyperref Info: Link coloring with OCG OFF on input line 6372.
Package hyperref Info: PDF/A mode OFF on input line 6377.
LaTeX Info: Redefining \ref on input line 6417.
LaTeX Info: Redefining \pageref on input line 6421.
(D:\MiKTeX\tex/generic/atbegshi\atbegshi.sty
Package: atbegshi 2019/12/05 v1.19 At begin shipout hook (HO)
)
\Hy@abspage=\count280
\c@Item=\count281
\c@Hfootnote=\count282
)
Package hyperref Info: Driver (autodetected): hxetex.
(D:\MiKTeX\tex/latex/hyperref\hxetex.def
File: hxetex.def 2020-05-15 v7.00e Hyperref driver for XeTeX
(D:\MiKTeX\tex/generic/stringenc\stringenc.sty
Package: stringenc 2019/11/29 v1.12 Convert strings between diff. encodings (HO
)
)
\pdfm@box=\box48
\c@Hy@AnnotLevel=\count283
\HyField@AnnotCount=\count284
\Fld@listcount=\count285
\c@bookmark@seq@number=\count286
(D:\MiKTeX\tex/latex/rerunfilecheck\rerunfilecheck.sty
Package: rerunfilecheck 2019/12/05 v1.9 Rerun checks for auxiliary files (HO)
(D:\MiKTeX\tex/latex/atveryend\atveryend.sty
Package: atveryend 2019-12-11 v1.11 Hooks at the very end of document (HO)
) (D:\MiKTeX\tex/generic/uniquecounter\uniquecounter.sty
Package: uniquecounter 2019/12/15 v1.4 Provide unlimited unique counter (HO)
)
Package uniquecounter Info: New unique counter `rerunfilecheck' on input line 2
86.
)
\Hy@SectionHShift=\skip52
)
Package hyperref Info: Option `breaklinks' set `true' on input line 31.
(D:\MiKTeX\tex/latex/geometry\geometry.sty
Package: geometry 2020/01/02 v5.9 Page Geometry
(D:\MiKTeX\tex/generic/iftex\ifvtex.sty
Package: ifvtex 2019/10/25 v1.7 ifvtex legacy package. Use iftex instead.
)
\Gm@cnth=\count287
\Gm@cntv=\count288
\c@Gm@tempcnt=\count289
\Gm@bindingoffset=\dimen152
\Gm@wd@mp=\dimen153
\Gm@odd@mp=\dimen154
\Gm@even@mp=\dimen155
\Gm@layoutwidth=\dimen156
\Gm@layoutheight=\dimen157
\Gm@layouthoffset=\dimen158
\Gm@layoutvoffset=\dimen159
\Gm@dimlist=\toks24
(D:\MiKTeX\tex/xelatex/xetexconfig\geometry.cfg)) (D:\MiKTeX\tex/latex/graphics
\graphicx.sty
Package: graphicx 2019/11/30 v1.2a Enhanced LaTeX Graphics (DPC,SPQR)
(D:\MiKTeX\tex/latex/graphics\graphics.sty
Package: graphics 2019/11/30 v1.4a Standard LaTeX Graphics (DPC,SPQR)
(D:\MiKTeX\tex/latex/graphics\trig.sty
Package: trig 2016/01/03 v1.10 sin cos tan (DPC)
) (D:\MiKTeX\tex/latex/graphics-cfg\graphics.cfg
File: graphics.cfg 2016/06/04 v1.11 sample graphics configuration
)
Package graphics Info: Driver file: xetex.def on input line 105.
(D:\MiKTeX\tex/latex/graphics-def\xetex.def
File: xetex.def 2020/08/26 v5.0i Graphics/color driver for xetex
))
\Gin@req@height=\dimen160
\Gin@req@width=\dimen161
) (D:\MiKTeX\tex/latex/grffile\grffile.sty
Package: grffile 2019/11/11 v2.1 Extended file name support for graphics (legac
y)
Package grffile Info: This package is an empty stub for compatibility on input 
line 40.
) (D:\MiKTeX\tex/latex/parskip\parskip.sty
Package: parskip 2020-06-15 v2.0f non-zero parskip adjustments
) (D:\MiKTeX\tex/latex/float\float.sty
Package: float 2001/11/08 v1.3d Float enhancements (AL)
\c@float@type=\count290
\float@exts=\toks25
\float@box=\box49
\@float@everytoks=\toks26
\@floatcapt=\box50
) (D:\MiKTeX\tex/latex/booktabs\booktabs.sty
Package: booktabs 2020/01/12 v1.61803398 Publication quality tables
\heavyrulewidth=\dimen162
\lightrulewidth=\dimen163
\cmidrulewidth=\dimen164
\belowrulesep=\dimen165
\belowbottomsep=\dimen166
\aboverulesep=\dimen167
\abovetopsep=\dimen168
\cmidrulesep=\dimen169
\cmidrulekern=\dimen170
\defaultaddspace=\dimen171
\@cmidla=\count291
\@cmidlb=\count292
\@aboverulesep=\dimen172
\@belowrulesep=\dimen173
\@thisruleclass=\count293
\@lastruleclass=\count294
\@thisrulewidth=\dimen174
) (D:\MiKTeX\tex/latex/tools\longtable.sty
Package: longtable 2020/01/07 v4.13 Multi-page Table package (DPC)
\LTleft=\skip53
\LTright=\skip54
\LTpre=\skip55
\LTpost=\skip56
\LTchunksize=\count295
\LTcapwidth=\dimen175
\LT@head=\box51
\LT@firsthead=\box52
\LT@foot=\box53
\LT@lastfoot=\box54
\LT@cols=\count296
\LT@rows=\count297
\c@LT@tables=\count298
\c@LT@chunks=\count299
\LT@p@ftn=\toks27
) (D:\MiKTeX\tex/latex/tools\array.sty
Package: array 2019/08/31 v2.4l Tabular extension package (FMi)
\col@sep=\dimen176
\ar@mcellbox=\box55
\extrarowheight=\dimen177
\NC@list=\toks28
\extratabsurround=\skip57
\backup@length=\skip58
\ar@cellbox=\box56
) (D:\MiKTeX\tex/latex/multirow\multirow.sty
Package: multirow 2019/05/31 v2.5 Span multiple rows of a table
\multirow@colwidth=\skip59
\multirow@cntb=\count300
\multirow@dima=\skip60
\bigstrutjot=\dimen178
) (D:\MiKTeX\tex/latex/wrapfig\wrapfig.sty
\wrapoverhang=\dimen179
\WF@size=\dimen180
\c@WF@wrappedlines=\count301
\WF@box=\box57
\WF@everypar=\toks29
Package: wrapfig 2003/01/31  v 3.6
) (D:\MiKTeX\tex/latex/colortbl\colortbl.sty
Package: colortbl 2020/01/04 v1.0e Color table columns (DPC)
(D:\MiKTeX\tex/latex/graphics\color.sty
Package: color 2019/11/23 v1.2a Standard LaTeX Color (DPC)
(D:\MiKTeX\tex/latex/graphics-cfg\color.cfg
File: color.cfg 2016/01/02 v1.6 sample color configuration
)
Package color Info: Driver file: xetex.def on input line 147.
)
\everycr=\toks30
\minrowclearance=\skip61
) (D:\MiKTeX\tex/latex/pdflscape\pdflscape.sty
Package: pdflscape 2019/12/05 v0.12 Display of landscape pages in PDF (HO)
(D:\MiKTeX\tex/latex/graphics\lscape.sty
Package: lscape 2000/10/22 v3.01 Landscape Pages (DPC)
)
Package pdflscape Info: Auto-detected driver: dvipdfm (xetex) on input line 98.

) (D:\MiKTeX\tex/latex/tabu\tabu.sty
Package: tabu 2019/01/11 v2.9 - flexible LaTeX tabulars (FC+tabu-fixed)
(D:\MiKTeX\tex/latex/varwidth\varwidth.sty
Package: varwidth 2009/03/30 ver 0.92;  Variable-width minipages
\@vwid@box=\box58
\sift@deathcycles=\count302
\@vwid@loff=\dimen181
\@vwid@roff=\dimen182
)
\c@taburow=\count303
\tabu@nbcols=\count304
\tabu@cnt=\count305
\tabu@Xcol=\count306
\tabu@alloc=\count307
\tabu@nested=\count308
\tabu@target=\dimen183
\tabu@spreadtarget=\dimen184
\tabu@naturalX=\dimen185
\tabucolX=\dimen186
\tabu@Xsum=\dimen187
\extrarowdepth=\dimen188
\abovetabulinesep=\dimen189
\belowtabulinesep=\dimen190
\tabustrutrule=\dimen191
\tabu@thebody=\toks31
\tabu@footnotes=\toks32
\tabu@box=\box59
\tabu@arstrutbox=\box60
\tabu@hleads=\box61
\tabu@vleads=\box62
\tabu@cellskip=\skip62
) (D:\MiKTeX\tex/latex/threeparttable\threeparttable.sty
Package: threeparttable 2003/06/13  v 3.0
\@tempboxb=\box63
) (D:\MiKTeX\tex/latex/threeparttablex\threeparttablex.sty
Package: threeparttablex 2013/07/23 v0.3 by daleif
(D:\MiKTeX\tex/latex/environ\environ.sty
Package: environ 2014/05/04 v0.3 A new way to define environments
(D:\MiKTeX\tex/latex/trimspaces\trimspaces.sty
Package: trimspaces 2009/09/17 v1.1 Trim spaces around a token list
))
\TPTL@width=\skip63
) (D:\MiKTeX\tex/latex/ulem\ulem.sty
\UL@box=\box64
\UL@hyphenbox=\box65
\UL@skip=\skip64
\UL@hook=\toks33
\UL@height=\dimen192
\UL@pe=\count309
\UL@pixel=\dimen193
\ULC@box=\box66
Package: ulem 2019/11/18
\ULdepth=\dimen194
) (D:\MiKTeX\tex/latex/makecell\makecell.sty
Package: makecell 2009/08/03 V0.1e Managing of Tab Column Heads and Cells
\rotheadsize=\dimen195
\c@nlinenum=\count310
\TeXr@lab=\toks34
) (D:\MiKTeX\tex/latex/xcolor\xcolor.sty
Package: xcolor 2016/05/11 v2.12 LaTeX color extensions (UK)
(D:\MiKTeX\tex/latex/graphics-cfg\color.cfg
File: color.cfg 2016/01/02 v1.6 sample color configuration
)
Package xcolor Info: Driver file: xetex.def on input line 225.
LaTeX Info: Redefining \color on input line 709.
Package xcolor Info: Model `cmy' substituted by `cmy0' on input line 1348.
Package xcolor Info: Model `RGB' extended on input line 1364.
Package xcolor Info: Model `HTML' substituted by `rgb' on input line 1366.
Package xcolor Info: Model `Hsb' substituted by `hsb' on input line 1367.
Package xcolor Info: Model `tHsb' substituted by `hsb' on input line 1368.
Package xcolor Info: Model `HSB' substituted by `hsb' on input line 1369.
Package xcolor Info: Model `Gray' substituted by `gray' on input line 1370.
Package xcolor Info: Model `wave' substituted by `hsb' on input line 1371.
) (ventillators_supplementary_final.aux

LaTeX Warning: Label `tab:main result tables Yougov re-allocation T21-22 S24 S2
5' multiply defined.


LaTeX Warning: Label `tab:main result MM tables reallocation T24-25 S26 S27' mu
ltiply defined.

)
\openout1 = `ventillators_supplementary_final.aux'.

LaTeX Font Info:    Checking defaults for OML/cmm/m/it on input line 89.
LaTeX Font Info:    ... okay on input line 89.
LaTeX Font Info:    Checking defaults for OMS/cmsy/m/n on input line 89.
LaTeX Font Info:    ... okay on input line 89.
LaTeX Font Info:    Checking defaults for OT1/cmr/m/n on input line 89.
LaTeX Font Info:    ... okay on input line 89.
LaTeX Font Info:    Checking defaults for T1/cmr/m/n on input line 89.
LaTeX Font Info:    ... okay on input line 89.
LaTeX Font Info:    Checking defaults for TS1/cmr/m/n on input line 89.
LaTeX Font Info:    Trying to load font information for TS1+cmr on input line 8
9.
(D:\MiKTeX\tex/latex/base\ts1cmr.fd
File: ts1cmr.fd 2019/12/16 v2.5j Standard LaTeX font definitions
)
LaTeX Font Info:    ... okay on input line 89.
LaTeX Font Info:    Checking defaults for TU/lmr/m/n on input line 89.
LaTeX Font Info:    ... okay on input line 89.
LaTeX Font Info:    Checking defaults for OMX/cmex/m/n on input line 89.
LaTeX Font Info:    ... okay on input line 89.
LaTeX Font Info:    Checking defaults for U/cmr/m/n on input line 89.
LaTeX Font Info:    ... okay on input line 89.
LaTeX Font Info:    Checking defaults for PD1/pdf/m/n on input line 89.
LaTeX Font Info:    ... okay on input line 89.
LaTeX Font Info:    Checking defaults for PU/pdf/m/n on input line 89.
LaTeX Font Info:    ... okay on input line 89.
LaTeX Info: Redefining \microtypecontext on input line 89.
Package microtype Info: Character protrusion enabled (level 2).
Package microtype Info: Using protrusion set `basicmath'.
Package microtype Info: No adjustment of tracking.
Package microtype Info: No adjustment of spacing.
Package microtype Info: No adjustment of kerning.
Package microtype Info: Loading generic protrusion settings for font family
(microtype)             `TimesNewRoman' (encoding: TU).
(microtype)             For optimal results, create family-specific settings.
(microtype)             See the microtype manual for details.
\AtBeginShipoutBox=\box67
Package hyperref Info: Link coloring OFF on input line 89.
(D:\MiKTeX\tex/latex/hyperref\nameref.sty
Package: nameref 2019/09/16 v2.46 Cross-referencing by name of section
(D:\MiKTeX\tex/latex/refcount\refcount.sty
Package: refcount 2019/12/15 v3.6 Data extraction from label references (HO)
) (D:\MiKTeX\tex/generic/gettitlestring\gettitlestring.sty
Package: gettitlestring 2019/12/15 v1.6 Cleanup title references (HO)
)
\c@section@level=\count311
)
LaTeX Info: Redefining \ref on input line 89.
LaTeX Info: Redefining \pageref on input line 89.
LaTeX Info: Redefining \nameref on input line 89.
(ventillators_supplementary_final.out) (ventillators_supplementary_final.out)
\@outlinefile=\write3
\openout3 = `ventillators_supplementary_final.out'.

*geometry* detected driver: pdftex
*geometry* verbose mode - [ preamble ] result:
* driver: pdftex
* paper: <default>
* layout: <same size as paper>
* layoutoffset:(h,v)=(0.0pt,0.0pt)
* modes: 
* h-part:(L,W,R)=(72.26999pt, 469.75502pt, 72.26999pt)
* v-part:(T,H,B)=(72.26999pt, 650.43001pt, 72.26999pt)
* \paperwidth=614.295pt
* \paperheight=794.96999pt
* \textwidth=469.75502pt
* \textheight=650.43001pt
* \oddsidemargin=0.0pt
* \evensidemargin=0.0pt
* \topmargin=-37.0pt
* \headheight=12.0pt
* \headsep=25.0pt
* \topskip=10.0pt
* \footskip=30.0pt
* \marginparwidth=65.0pt
* \marginparsep=11.0pt
* \columnsep=10.0pt
* \skip\footins=9.0pt plus 4.0pt minus 2.0pt
* \hoffset=0.0pt
* \voffset=0.0pt
* \mag=1000
* \@twocolumnfalse
* \@twosidefalse
* \@mparswitchfalse
* \@reversemarginfalse
* (1in=72.27pt=25.4mm, 1cm=28.453pt)

LaTeX Font Info:    Font shape `TU/TimesNewRoman(0)/m/n' will be
(Font)              scaled to size 16.6514pt on input line 91.
LaTeX Font Info:    Font shape `TU/TimesNewRoman(0)/m/n' will be
(Font)              scaled to size 11.56348pt on input line 91.
LaTeX Font Info:    Trying to load font information for OT1+lmr on input line 9
1.
(D:\MiKTeX\tex/latex/lm\ot1lmr.fd
File: ot1lmr.fd 2009/10/30 v1.6 Font defs for Latin Modern
) (D:\MiKTeX\tex/latex/microtype\mt-LatinModernRoman.cfg
File: mt-LatinModernRoman.cfg 2013/03/13 v1.0 microtype config. file: Latin Mod
ern Roman (RS)
)
LaTeX Font Info:    Trying to load font information for OML+lmm on input line 9
1.
(D:\MiKTeX\tex/latex/lm\omllmm.fd
File: omllmm.fd 2009/10/30 v1.6 Font defs for Latin Modern
)
LaTeX Font Info:    Trying to load font information for OMS+lmsy on input line 
91.
(D:\MiKTeX\tex/latex/lm\omslmsy.fd
File: omslmsy.fd 2009/10/30 v1.6 Font defs for Latin Modern
)
LaTeX Font Info:    Trying to load font information for OMX+lmex on input line 
91.
(D:\MiKTeX\tex/latex/lm\omxlmex.fd
File: omxlmex.fd 2009/10/30 v1.6 Font defs for Latin Modern
)
LaTeX Font Info:    External font `lmex10' loaded for size
(Font)              <12> on input line 91.
LaTeX Font Info:    External font `lmex10' loaded for size
(Font)              <8> on input line 91.
LaTeX Font Info:    External font `lmex10' loaded for size
(Font)              <6> on input line 91.
LaTeX Font Info:    Trying to load font information for U+msa on input line 91.

(D:\MiKTeX\tex/latex/amsfonts\umsa.fd
File: umsa.fd 2013/01/14 v3.01 AMS symbols A
) (D:\MiKTeX\tex/latex/microtype\mt-msa.cfg
File: mt-msa.cfg 2006/02/04 v1.1 microtype config. file: AMS symbols (a) (RS)
)
LaTeX Font Info:    Trying to load font information for U+msb on input line 91.

(D:\MiKTeX\tex/latex/amsfonts\umsb.fd
File: umsb.fd 2013/01/14 v3.01 AMS symbols B
) (D:\MiKTeX\tex/latex/microtype\mt-msb.cfg
File: mt-msb.cfg 2005/06/01 v1.0 microtype config. file: AMS symbols (b) (RS)
)
LaTeX Font Info:    Font shape `TU/TimesNewRoman(0)/m/n' will be
(Font)              scaled to size 13.87616pt on input line 94.
LaTeX Font Info:    Font shape `TU/TimesNewRoman(0)/b/n' will be
(Font)              scaled to size 13.59425pt on input line 94.
LaTeX Font Info:    Font shape `TU/TimesNewRoman(0)/b/n' will be
(Font)              scaled to size 11.32855pt on input line 97.
LaTeX Font Info:    Font shape `TU/TimesNewRoman(0)/m/n' will be
(Font)              scaled to size 7.70898pt on input line 146.
LaTeX Font Info:    External font `lmex10' loaded for size
(Font)              <5> on input line 146.
LaTeX Font Info:    Font shape `TU/TimesNewRoman(0)/b/n' will be
(Font)              scaled to size 7.55237pt on input line 146.
[1

] [2] [3]
LaTeX Font Info:    Font shape `TU/TimesNewRoman(0)/m/it' will be
(Font)              scaled to size 10.01907pt on input line 268.
LaTeX Font Info:    Font shape `TU/TimesNewRoman(0)/b/it' will be
(Font)              scaled to size 9.81857pt on input line 282.
[4]
LaTeX Font Info:    Font shape `TU/TimesNewRoman(0)/m/n' will be
(Font)              scaled to size 5.78174pt on input line 416.
[5]

LaTeX Warning: `h' float specifier changed to `ht'.

[6] [7] [8]
LaTeX Font Info:    External font `lmex10' loaded for size
(Font)              <10> on input line 686.
LaTeX Font Info:    External font `lmex10' loaded for size
(Font)              <7> on input line 686.
[9] [10] [11]
File: C:/Users/Bence/Dropbox/ventillators/FigureS1.png Graphic file (type bmp)
<C:/Users/Bence/Dropbox/ventillators/FigureS1.png>
[12] [13] [14]
File: C:/Users/Bence/Dropbox/ventillators/FigureS2.png Graphic file (type bmp)
<C:/Users/Bence/Dropbox/ventillators/FigureS2.png>
[15] [16]
Overfull \hbox (39.157pt too wide) in paragraph at lines 1194--1225
[][] 
 []

[17]
File: ventillators_supplementary_final_files/figure-latex/unnamed-chunk-1-1.pdf
 Graphic file (type pdf)
<use ventillators_supplementary_final_files/figure-latex/unnamed-chunk-1-1.pdf>

File: ventillators_supplementary_final_files/figure-latex/unnamed-chunk-2-1.pdf
 Graphic file (type pdf)
<use ventillators_supplementary_final_files/figure-latex/unnamed-chunk-2-1.pdf>

[18]
File: ventillators_supplementary_final_files/figure-latex/unnamed-chunk-3-1.pdf
 Graphic file (type pdf)
<use ventillators_supplementary_final_files/figure-latex/unnamed-chunk-3-1.pdf>

[19]
File: ventillators_supplementary_final_files/figure-latex/unnamed-chunk-4-1.pdf
 Graphic file (type pdf)
<use ventillators_supplementary_final_files/figure-latex/unnamed-chunk-4-1.pdf>

[20]
File: ventillators_supplementary_final_files/figure-latex/unnamed-chunk-5-1.pdf
 Graphic file (type pdf)
<use ventillators_supplementary_final_files/figure-latex/unnamed-chunk-5-1.pdf>

[21]
Package atveryend Info: Empty hook `BeforeClearDocument' on input line 1252.
[22]
Package atveryend Info: Empty hook `AfterLastShipout' on input line 1252.
(ventillators_supplementary_final.aux)
Package atveryend Info: Empty hook `AtVeryEndDocument' on input line 1252.
Package atveryend Info: Executing hook `AtEndAfterFileList' on input line 1252.

Package rerunfilecheck Info: File `ventillators_supplementary_final.out' has no
t changed.
(rerunfilecheck)             Checksum: 20A3244FA75471121C7F884329F21D51;2467.

LaTeX Warning: There were multiply-defined labels.

 ) 
Here is how much of TeX's memory you used:
 16632 strings out of 414444
 294534 string characters out of 2909175
 706818 words of memory out of 3000000
 33602 multiletter control sequences out of 15000+200000
 560029 words of font info for 85 fonts, out of 3000000 for 9000
 1348 hyphenation exceptions out of 8191
 51i,14n,119p,831b,329s stack positions out of 5000i,500n,10000p,200000b,50000s

Output written on ventillators_supplementary_final.pdf (22 pages).
